Resource Usage Report for u8 

Mapping to part: m2gl025vf400-1
Cell usage:
CCC             1 use
CLKINT          12 uses
CLKINT_PRESERVE  2 uses
MSS_025         1 use
SYSRESET        1 use
CFG1           54 uses
CFG2           286 uses
CFG3           329 uses
CFG4           488 uses

Carry cells:
ARI1            3510 uses - used for arithmetic functions
ARI1            44 uses - used for Wide-Mux implementation
Total ARI1      3554 uses


Sequential Cells: 
SLE            4497 uses

DSP Blocks:   12 of 34 (35%)
 MACC:        10 MultAdds
 MACC:         2 Mults

I/O ports: 56
I/O primitives: 55
BIBUF          40 uses
INBUF          3 uses
OUTBUF         4 uses
TRIBUFF        8 uses


Global Clock Buffers: 12

Total LUTs:    4711

Extra resources required for RAM and MACC interface logic during P&R:

RAM64x18 Interface Logic : SLEs = 0; LUTs = 0;
RAM1K18  Interface Logic : SLEs = 0; LUTs = 0;
MACC     Interface Logic : SLEs = 432; LUTs = 432;

Total number of SLEs after P&R:  4497 + 0 + 0 + 432 = 4929;
Total number of LUTs after P&R:  4711 + 0 + 0 + 432 = 5143;

