C:\Microsemi\Libero_SoC_v12.6\SynplifyPro\bin64\c_hdl.exe  -osyn  D:\820\igloo\soc\sdio25\synthesis\synwork\u8_comp.srs  -top  u8  -hdllog  D:\820\igloo\soc\sdio25\synthesis\synlog\u8_compiler.srr  -encrypt  -mp  4  -verification_mode 0  -verilog  -prodtype  synplify_pro   -infer_seqShift -primux -dspmac -pqdpadd -fixsmult -sdff_counter -divnmod -nram   -I D:\820\igloo\soc\sdio25\synthesis\  -I C:\Microsemi\Libero_SoC_v12.6\SynplifyPro\lib   -v2001  -devicelib  C:\Microsemi\Libero_SoC_v12.6\SynplifyPro\lib\generic\igloo2.v  -encrypt  -pro  -dmgen  D:\820\igloo\soc\sdio25\synthesis\dm  -ui -fid2 -ram -sharing on -ll 2000 -autosm  -lib work D:\820\igloo\work\cordic.v -lib work D:\820\igloo\work\wavegen.v -lib work D:\820\igloo\work\GEN_DDS.v -lib work D:\820\igloo\work\sound.v -lib work D:\820\igloo\work\ram.v -lib work D:\820\igloo\work\crc7.v -lib work D:\820\igloo\work\bigfifo.v -lib work D:\820\igloo\work\sd.v -lib work D:\820\igloo\work\test.v -lib work D:\820\igloo\soc\sdio25\component\Actel\DirectCore\CoreResetP\7.1.100\rtl\vlog\core\coreresetp_pcie_hotreset.v -lib work D:\820\igloo\soc\sdio25\component\Actel\DirectCore\CoreResetP\7.1.100\rtl\vlog\core\coreresetp.v -lib work D:\820\igloo\soc\sdio25\component\work\u8_sb\CCC_0\u8_sb_CCC_0_FCCC.v -lib work D:\820\igloo\soc\sdio25\component\Actel\SgCore\OSC\2.0.101\osc_comps.v -lib work D:\820\igloo\soc\sdio25\component\work\u8_sb\FABOSC_0\u8_sb_FABOSC_0_OSC.v -lib work D:\820\igloo\soc\sdio25\component\work\u8_sb_HPMS\u8_sb_HPMS_syn.v -lib work D:\820\igloo\soc\sdio25\component\work\u8_sb_HPMS\u8_sb_HPMS.v -lib COREAHBLITE_LIB D:\820\igloo\soc\sdio25\component\Actel\DirectCore\CoreAHBLite\5.2.100\rtl\vlog\core\coreahblite_slavearbiter.v -lib COREAHBLITE_LIB D:\820\igloo\soc\sdio25\component\Actel\DirectCore\CoreAHBLite\5.2.100\rtl\vlog\core\coreahblite_slavestage.v -lib COREAHBLITE_LIB D:\820\igloo\soc\sdio25\component\Actel\DirectCore\CoreAHBLite\5.2.100\rtl\vlog\core\coreahblite_defaultslavesm.v -lib COREAHBLITE_LIB D:\820\igloo\soc\sdio25\component\Actel\DirectCore\CoreAHBLite\5.2.100\rtl\vlog\core\coreahblite_addrdec.v -lib COREAHBLITE_LIB D:\820\igloo\soc\sdio25\component\Actel\DirectCore\CoreAHBLite\5.2.100\rtl\vlog\core\coreahblite_masterstage.v -lib COREAHBLITE_LIB D:\820\igloo\soc\sdio25\component\Actel\DirectCore\CoreAHBLite\5.2.100\rtl\vlog\core\coreahblite_matrix4x16.v -lib COREAHBLITE_LIB D:\820\igloo\soc\sdio25\component\Actel\DirectCore\CoreAHBLite\5.2.100\rtl\vlog\core\coreahblite.v -lib work D:\820\igloo\soc\sdio25\component\work\u8_sb\u8_sb.v -lib work D:\820\igloo\soc\sdio25\component\work\u8\u8.v  -jobname  "compiler" 
relcom:C:\Microsemi\Libero_SoC_v12.6\SynplifyPro\bin64\c_hdl.exe -osyn ..\synwork\u8_comp.srs -top u8 -hdllog ..\synlog\u8_compiler.srr -encrypt -mp 4 -verification_mode 0 -verilog -prodtype synplify_pro -infer_seqShift -primux -dspmac -pqdpadd -fixsmult -sdff_counter -divnmod -nram -I ..\ -I C:\Microsemi\Libero_SoC_v12.6\SynplifyPro\lib -v2001 -devicelib C:\Microsemi\Libero_SoC_v12.6\SynplifyPro\lib\generic\igloo2.v -encrypt -pro -dmgen ..\dm -ui -fid2 -ram -sharing on -ll 2000 -autosm -lib work ..\..\..\..\work\cordic.v -lib work ..\..\..\..\work\wavegen.v -lib work ..\..\..\..\work\GEN_DDS.v -lib work ..\..\..\..\work\sound.v -lib work ..\..\..\..\work\ram.v -lib work ..\..\..\..\work\crc7.v -lib work ..\..\..\..\work\bigfifo.v -lib work ..\..\..\..\work\sd.v -lib work ..\..\..\..\work\test.v -lib work ..\..\component\Actel\DirectCore\CoreResetP\7.1.100\rtl\vlog\core\coreresetp_pcie_hotreset.v -lib work ..\..\component\Actel\DirectCore\CoreResetP\7.1.100\rtl\vlog\core\coreresetp.v -lib work ..\..\component\work\u8_sb\CCC_0\u8_sb_CCC_0_FCCC.v -lib work ..\..\component\Actel\SgCore\OSC\2.0.101\osc_comps.v -lib work ..\..\component\work\u8_sb\FABOSC_0\u8_sb_FABOSC_0_OSC.v -lib work ..\..\component\work\u8_sb_HPMS\u8_sb_HPMS_syn.v -lib work ..\..\component\work\u8_sb_HPMS\u8_sb_HPMS.v -lib COREAHBLITE_LIB ..\..\component\Actel\DirectCore\CoreAHBLite\5.2.100\rtl\vlog\core\coreahblite_slavearbiter.v -lib COREAHBLITE_LIB ..\..\component\Actel\DirectCore\CoreAHBLite\5.2.100\rtl\vlog\core\coreahblite_slavestage.v -lib COREAHBLITE_LIB ..\..\component\Actel\DirectCore\CoreAHBLite\5.2.100\rtl\vlog\core\coreahblite_defaultslavesm.v -lib COREAHBLITE_LIB ..\..\component\Actel\DirectCore\CoreAHBLite\5.2.100\rtl\vlog\core\coreahblite_addrdec.v -lib COREAHBLITE_LIB ..\..\component\Actel\DirectCore\CoreAHBLite\5.2.100\rtl\vlog\core\coreahblite_masterstage.v -lib COREAHBLITE_LIB ..\..\component\Actel\DirectCore\CoreAHBLite\5.2.100\rtl\vlog\core\coreahblite_matrix4x16.v -lib COREAHBLITE_LIB ..\..\component\Actel\DirectCore\CoreAHBLite\5.2.100\rtl\vlog\core\coreahblite.v -lib work ..\..\component\work\u8_sb\u8_sb.v -lib work ..\..\component\work\u8\u8.v -jobname "compiler"
rc:0 success:1 runtime:1
file:..\synwork\u8_comp.srs|io:o|time:1628139701|size:233718|exec:0|csum:
file:..\synlog\u8_compiler.srr|io:o|time:1628139801|size:88164|exec:0|csum:
file:C:\Microsemi\Libero_SoC_v12.6\SynplifyPro\lib\generic\igloo2.v|io:i|time:1604390290|size:16445|exec:0|csum:0C1A855CE2A914A7AF1E723A1690BFF3
file:..\..\..\..\work\cordic.v|io:i|time:1627364910|size:4245|exec:0|csum:130A5DCA102D8A74FA9FB7C032D2561E
file:..\..\..\..\work\wavegen.v|io:i|time:1627364910|size:3445|exec:0|csum:47570C189DE90827E77C922D10441836
file:..\..\..\..\work\GEN_DDS.v|io:i|time:1627993735|size:1944|exec:0|csum:49DD72B7783818718E5E5E1FEEF946B7
file:..\..\..\..\work\sound.v|io:i|time:1628135897|size:34857|exec:0|csum:385F9AC687CD2691442493B44A3373E1
file:..\..\..\..\work\ram.v|io:i|time:1628132955|size:20173|exec:0|csum:12F3987EEFBC1ABF2290856027134127
file:..\..\..\..\work\crc7.v|io:i|time:1508932363|size:4670|exec:0|csum:940323C61F3756F1B4A98477C9109F6E
file:..\..\..\..\work\bigfifo.v|io:i|time:1508932363|size:6921|exec:0|csum:65D8C5CD1ED49604CABCAB09D8D5104C
file:..\..\..\..\work\sd.v|io:i|time:1628133011|size:54757|exec:0|csum:309AF0CB3937D59F7AE922DF8E339A21
file:..\..\..\..\work\test.v|io:i|time:1628139667|size:13854|exec:0|csum:6B9EA210A1E7D06FE6BB50FDC197E6AB
file:..\..\component\Actel\DirectCore\CoreResetP\7.1.100\rtl\vlog\core\coreresetp_pcie_hotreset.v|io:i|time:1626940099|size:8822|exec:0|csum:57E473B7EFB406F9A215FD657D257341
file:..\..\component\Actel\DirectCore\CoreResetP\7.1.100\rtl\vlog\core\coreresetp.v|io:i|time:1626940099|size:65628|exec:0|csum:BD4FA2E8A1E20A1A844548995EB5EC24
file:..\..\component\work\u8_sb\CCC_0\u8_sb_CCC_0_FCCC.v|io:i|time:1628133049|size:1690|exec:0|csum:EE48C607BD64527A1CDB78AD7D09715D
file:..\..\component\Actel\SgCore\OSC\2.0.101\osc_comps.v|io:i|time:1626940101|size:924|exec:0|csum:96EB0FE10D5CD792BE1E4F31403C1EFA
file:..\..\component\work\u8_sb\FABOSC_0\u8_sb_FABOSC_0_OSC.v|io:i|time:1628133051|size:825|exec:0|csum:EDC064CB2CB5E6A4D887653010D2B27B
file:..\..\component\work\u8_sb_HPMS\u8_sb_HPMS_syn.v|io:i|time:1628133045|size:51680|exec:0|csum:1FBFC1990E39E291816E593FBDC68A33
file:..\..\component\work\u8_sb_HPMS\u8_sb_HPMS.v|io:i|time:1628133045|size:47250|exec:0|csum:1F155C832C966FBE6244717EFEECFDDF
file:..\..\component\Actel\DirectCore\CoreAHBLite\5.2.100\rtl\vlog\core\coreahblite_slavearbiter.v|io:i|time:1626940099|size:14709|exec:0|csum:40E0BFBEEF377960BE8B48FABF90F059
file:..\..\component\Actel\DirectCore\CoreAHBLite\5.2.100\rtl\vlog\core\coreahblite_slavestage.v|io:i|time:1626940099|size:8561|exec:0|csum:06FF05F2FCC005851EC55906E2A59425
file:..\..\component\Actel\DirectCore\CoreAHBLite\5.2.100\rtl\vlog\core\coreahblite_defaultslavesm.v|io:i|time:1626940099|size:2069|exec:0|csum:E506A980E5B6DA07CAD8EE0D99D5F8B1
file:..\..\component\Actel\DirectCore\CoreAHBLite\5.2.100\rtl\vlog\core\coreahblite_addrdec.v|io:i|time:1626940099|size:6576|exec:0|csum:B6E1B1D4FA273E8C948777D2AFF69B13
file:..\..\component\Actel\DirectCore\CoreAHBLite\5.2.100\rtl\vlog\core\coreahblite_masterstage.v|io:i|time:1626940099|size:16943|exec:0|csum:A906C3375DFC81C0846A79F66BFEA748
file:..\..\component\Actel\DirectCore\CoreAHBLite\5.2.100\rtl\vlog\core\coreahblite_matrix4x16.v|io:i|time:1626940099|size:208865|exec:0|csum:7288748246980EF96C6AC15D704C194D
file:..\..\component\Actel\DirectCore\CoreAHBLite\5.2.100\rtl\vlog\core\coreahblite.v|io:i|time:1626940099|size:21472|exec:0|csum:C84AF1869A6AE409A8EC729F998B716A
file:..\..\component\work\u8_sb\u8_sb.v|io:i|time:1628133051|size:37104|exec:0|csum:14B4559885E146BB39B393F620ECA55E
file:..\..\component\work\u8\u8.v|io:i|time:1628133180|size:10468|exec:0|csum:DF16B466712B14D4DAC1E7D71C4E9BC0
file:C:\Microsemi\Libero_SoC_v12.6\SynplifyPro\bin64\c_hdl.exe|io:i|time:1604390270|size:5736448|exec:1|csum:B629A604D3171FE362ECDC8CB66C8DC9
