
Starting:    C:\Microsemi\Libero_SoC_v11.8\SynplifyPro\bin64\mbin\synbatch.exe
Install:     C:\Microsemi\Libero_SoC_v11.8\SynplifyPro
Hostname:    WIN7-2020MEADRD
Date:        Sat Jul 03 16:02:35 2021
Version:     L-2016.09M-2

Arguments:   -product synplify_pro -licensetype synplifypro_actel -batch -log synplify.log u8_syn.tcl
ProductType: synplify_pro

License checkout: synplifypro_actel
License: synplifypro_actel node-locked 
Licensed Vendor: actel
License Option: actel_oem

Running in Vendor Mode


auto_infer_blackbox is not supported in current product.

log file: "C:\igloo\soc\z\synthesis\u8.srr"

Running: synthesis in foreground



Running u8_syn|synthesis


Running: compile (Compile) on u8_syn|synthesis
# Sat Jul 03 16:02:35 2021


Running: compile_flow (Compile Process) on u8_syn|synthesis
# Sat Jul 03 16:02:35 2021


Running: compiler (Compile Input) on u8_syn|synthesis
# Sat Jul 03 16:02:35 2021

Copied C:\igloo\soc\z\synthesis\synwork\u8_comp.srs to C:\igloo\soc\z\synthesis\u8.srs


compiler completed
# Sat Jul 03 16:02:39 2021

Return Code: 0
Run Time:00h:00m:04s


Running: multi_srs_gen (Multi-srs Generator) on u8_syn|synthesis
# Sat Jul 03 16:02:39 2021


multi_srs_gen completed
# Sat Jul 03 16:02:40 2021

Return Code: 0
Run Time:00h:00m:01s

Copied C:\igloo\soc\z\synthesis\synwork\u8_mult.srs to C:\igloo\soc\z\synthesis\u8.srs

Complete: Compile Process on u8_syn|synthesis


Running: premap (Pre-mapping) on u8_syn|synthesis
# Sat Jul 03 16:02:40 2021


premap completed with warnings
# Sat Jul 03 16:02:42 2021

Return Code: 1
Run Time:00h:00m:02s

Complete: Compile on u8_syn|synthesis


Running: map (Map) on u8_syn|synthesis
# Sat Jul 03 16:02:42 2021

License granted for 4 parallel jobs


Running: fpga_mapper (Map & Optimize) on u8_syn|synthesis
# Sat Jul 03 16:02:42 2021

Copied C:\igloo\soc\z\synthesis\synwork\u8_m.srm to C:\igloo\soc\z\synthesis\u8.srm


fpga_mapper completed with warnings
# Sat Jul 03 16:03:00 2021

Return Code: 1
Run Time:00h:00m:18s

Complete: Map on u8_syn|synthesis

Complete: Logic Synthesis on u8_syn|synthesis

TCL script complete: "u8_syn.tcl"

exit status=0

exit status=0

License checkin: synplifypro_actel

