********************************************************************
I/O Bank Report - Date: Sat Jul 03 16:06:47 2021
Product: Designer
Release: Libero SoC v11.8 SP1
Version: 11.8.1.12
Design Name: u8
Family: IGLOO2
Die: M2GL005
Package: 256 VF
********************************************************************


I/O Function:

    Type                                  | w/o register  | w/ register  | w/ DDR register
    --------------------------------------|---------------|--------------|----------------
    Input I/O                             | 4             | 0            | 0
    Output I/O                            | 17            | 0            | 0
    Bidirectional I/O                     | 8             | 0            | 0
    Differential Input I/O Pairs          | 0             | 0            | 0
    Differential Output I/O Pairs         | 0             | 0            | 0

I/O Technology:

                                    |   Voltages    |             I/Os              
    --------------------------------|-------|-------|-------|--------|--------------
    I/O Standard(s)                 | Vddi  | Vref  | Input | Output | Bidirectional
    --------------------------------|-------|-------|-------|--------|--------------
    LVCMOS33                        | 3.30v | N/A   | 4     | 17     | 8            

I/O Bank Resource Usage:

          |   Voltages    | Single I/Os  | Diff I/O Pairs |        Vref I/Os        |  Type   
          |-------|-------|------|-------|-------|--------|------|-------|----------|---------
          | Vddi  | Vref  | Used | Total | Used  | Total  | Used | Total | Vref Pins|         
    ------|-------|-------|------|-------|-------|--------|------|-------|----------|---------
    Bank0 | N/A   | N/A   | 0    | 30    | 0     | 15     | N/A  | N/A   | N/A      | DDRIO   
    Bank1 | 3.30v | N/A   | 3    | 9     | 0     | 4      | N/A  | N/A   | N/A      | MSIO    
    Bank2 | 3.30v | N/A   | 9    | 24    | 0     | 12     | N/A  | N/A   | N/A      | MSIO    
    Bank3 | N/A   | N/A   | 0    | 0     | 0     | 0      | N/A  | N/A   | N/A      | JTAG    
    Bank4 | 3.30v | N/A   | 10   | 58    | 0     | 29     | N/A  | N/A   | N/A      | MSIO    
    Bank5 | N/A   | N/A   | 0    | 12    | 0     | 6      | N/A  | N/A   | N/A      | MSIOD   
    Bank6 | 3.30v | N/A   | 7    | 28    | 0     | 14     | N/A  | N/A   | N/A      | MSIO    

I/O Voltage Usage:

       Voltages    |     I/Os     
    -------|-------|------|-------
     Vddi  | Vref  | Used | Total 
    -------|-------|------|-------
     3.30v | N/A   | 29   | 119   

